

*******************************************************************************
Sat Feb 26 15:09:36 2011


FIT:    data read from "graph"
        #datapoints = 86
        residuals are weighted equally (unit weight)

function used for fitting: f(x)
fitted parameters initialized with current variable values



 Iteration 0
 WSSR        : 6.07628e+11       delta(WSSR)/WSSR   : 0
 delta(WSSR) : 0                 limit for stopping : 1e-05
 lambda	  : 48435.4

initial set of free parameter values

a               = 1
b               = 1
c               = 1

After 8 iterations the fit converged.
final sum of squares of residuals : 7861.52
rel. change during last iteration : -9.16607e-13

degrees of freedom    (FIT_NDF)                        : 83
rms of residuals      (FIT_STDFIT) = sqrt(WSSR/ndf)    : 9.73227
variance of residuals (reduced chisquare) = WSSR/ndf   : 94.7171

Final set of parameters            Asymptotic Standard Error
=======================            ==========================

a               = 0.00124827       +/- 7.617e-05    (6.102%)
b               = -0.126471        +/- 0.0342       (27.04%)
c               = 7.06267          +/- 3.223        (45.63%)


correlation matrix of the fit parameters:

               a      b      c      
a               1.000 
b              -0.969  1.000 
c               0.754 -0.872  1.000 


*******************************************************************************
Tue Apr 12 16:11:21 2011


FIT:    data read from "memory_all_text"
        format = z
        #datapoints = 63
        residuals are weighted equally (unit weight)

function used for fitting: f(x)
fitted parameters initialized with current variable values



 Iteration 0
 WSSR        : 903154            delta(WSSR)/WSSR   : 0
 delta(WSSR) : 0                 limit for stopping : 1e-05
 lambda	  : 130.13

initial set of free parameter values

a               = 1
b               = 1

After 5 iterations the fit converged.
final sum of squares of residuals : 65.2668
rel. change during last iteration : -2.91343e-07

degrees of freedom    (FIT_NDF)                        : 61
rms of residuals      (FIT_STDFIT) = sqrt(WSSR/ndf)    : 1.03438
variance of residuals (reduced chisquare) = WSSR/ndf   : 1.06995

Final set of parameters            Asymptotic Standard Error
=======================            ==========================

a               = 0.297542         +/- 0.001433     (0.4817%)
b               = 12.1234          +/- 0.2638       (2.176%)


correlation matrix of the fit parameters:

               a      b      
a               1.000 
b              -0.869  1.000 


*******************************************************************************
Tue Apr 12 17:02:49 2011


FIT:    data read from "filesize_text"
        format = z
        #datapoints = 52
        residuals are weighted equally (unit weight)

function used for fitting: f(x)
fitted parameters initialized with current variable values



 Iteration 0
 WSSR        : 1.16567e+06       delta(WSSR)/WSSR   : 0
 delta(WSSR) : 0                 limit for stopping : 1e-05
 lambda	  : 107.677

initial set of free parameter values

a               = 1
b               = 1

After 5 iterations the fit converged.
final sum of squares of residuals : 0.0272043
rel. change during last iteration : -1.98053e-06

degrees of freedom    (FIT_NDF)                        : 50
rms of residuals      (FIT_STDFIT) = sqrt(WSSR/ndf)    : 0.0233256
variance of residuals (reduced chisquare) = WSSR/ndf   : 0.000544086

Final set of parameters            Asymptotic Standard Error
=======================            ==========================

a               = 0.0221704        +/- 4.311e-05    (0.1944%)
b               = 0.0543439        +/- 0.006564     (12.08%)


correlation matrix of the fit parameters:

               a      b      
a               1.000 
b              -0.870  1.000 


*******************************************************************************
Mon May  2 14:06:29 2011


FIT:    data read from "filesize_text_indcpa"
        format = z
        #datapoints = 52
        residuals are weighted equally (unit weight)

function used for fitting: f(x)
fitted parameters initialized with current variable values



 Iteration 0
 WSSR        : 1.08284e+06       delta(WSSR)/WSSR   : 0
 delta(WSSR) : 0                 limit for stopping : 1e-05
 lambda	  : 107.677

initial set of free parameter values

a               = 1
b               = 1

After 5 iterations the fit converged.
final sum of squares of residuals : 0.114461
rel. change during last iteration : -5.513e-07

degrees of freedom    (FIT_NDF)                        : 50
rms of residuals      (FIT_STDFIT) = sqrt(WSSR/ndf)    : 0.0478457
variance of residuals (reduced chisquare) = WSSR/ndf   : 0.00228922

Final set of parameters            Asymptotic Standard Error
=======================            ==========================

a               = 0.058189         +/- 8.842e-05    (0.1519%)
b               = -0.0227376       +/- 0.01346      (59.21%)


correlation matrix of the fit parameters:

               a      b      
a               1.000 
b              -0.870  1.000 
